Arguments: 
  /home/shaun/.nvm/versions/node/v15.9.0/bin/node /mnt/c/Program Files (x86)/Yarn/bin/yarn.js add trix@^1.2.0 @rails/actiontext@^6.1.3

PATH: 
  /home/shaun/.rvm/gems/ruby-2.7.1/bin:/home/shaun/.vscode-server/bin/622cb03f7e070a9670c94bae1a45d78d7181fbd4/bin:/home/shaun/.rvm/gems/ruby-2.7.1@global/bin:/home/shaun/.rvm/rubies/ruby-2.7.1/bin:/home/shaun/.rvm/bin:/home/shaun/.nvm/versions/node/v15.9.0/bin:/usr/local/sbin:/usr/local/bin:/usr/sbin:/usr/bin:/sbin:/bin:/usr/games:/usr/local/games:/mnt/c/WINDOWS/system32:/mnt/c/WINDOWS:/mnt/c/WINDOWS/System32/Wbem:/mnt/c/WINDOWS/System32/WindowsPowerShell/v1.0:/mnt/c/WINDOWS/System32/OpenSSH:/mnt/c/Program Files/Intel/WiFi/bin:/mnt/c/Program Files/Common Files/Intel/WirelessCommon:/mnt/c/Program Files (x86)/Yarn/bin:/mnt/c/Program Files/PostgreSQL/10/bin:/mnt/c/Users/ycorr/AppData/Local/Programs/AdoptOpenJDK/jdk-11.0.10.9-hotspot/bin:/mnt/c/Users/ycorr/AppData/Local/Microsoft/WindowsApps:/mnt/c/Users/ycorr/AppData/Local/Programs/Microsoft VS Code/bin:/mnt/c/Program Files/heroku/bin:/mnt/c/Users/ycorr/AppData/Local/Yarn/bin:/mnt/c/Users/ycorr/AppData/Local/atom/bin:/snap/bin

Yarn version: 
  1.22.0

Node version: 
  15.9.0

Platform: 
  linux x64

Trace: 
  Error: https://registry.yarnpkg.com/trix: ETIMEDOUT
      at Timeout._onTimeout (/mnt/c/Program Files (x86)/Yarn/lib/cli.js:141387:19)
      at listOnTimeout (node:internal/timers:557:17)
      at processTimers (node:internal/timers:500:7)

npm manifest: 
  No manifest

yarn manifest: 
  No manifest

Lockfile: 
  No lockfile
